<?xml version="1.0" encoding="UTF-8"?>
<!-- Generated by org.testng.reporters.JUnitReportReporter -->
<testsuite hostname="lappy" failures="0" tests="3" name="www.lavatech.com.TestClass" time="64.803" errors="0" timestamp="2024-02-16T19:11:15 IST" skipped="0">
  <testcase classname="www.lavatech.com.TestClass" name="signIn" time="29.794"/>
  <system-out/>
  <testcase classname="www.lavatech.com.TestClass" name="cartTest" time="19.523"/>
  <system-out/>
  <testcase classname="www.lavatech.com.TestClass" name="orderTest" time="15.486"/>
  <system-out/>
</testsuite> <!-- www.lavatech.com.TestClass -->
